# JRE version: OpenJDK Runtime Environment (11.0.10) (build 11.0.10+0-b96-7249189)
# Java VM: OpenJDK 64-Bit Server VM (11.0.10+0-b96-7249189, mixed mode, tiered, compressed oops, g1 gc, windows-amd64)
Heap:
 garbage-first heap   total 543744K, used 129612K [0x0000000080000000, 0x0000000100000000)
  region size 1024K, 17 young (17408K), 17 survivors (17408K)
 Metaspace       used 102323K, capacity 104802K, committed 105072K, reserved 1140736K
  class space    used 12957K, capacity 13882K, committed 13976K, reserved 1048576K
GC Heap History (20 events):
Event: 27.600 GC heap after
{Heap after GC invocations=57 (full 0):
 garbage-first heap   total 245760K, used 112494K [0x0000000080000000, 0x0000000100000000)
  region size 1024K, 3 young (3072K), 3 survivors (3072K)
 Metaspace       used 102030K, capacity 104507K, committed 104816K, reserved 1140736K
  class space    used 12932K, capacity 13854K, committed 13976K, reserved 1048576K
}
Event: 27.962 GC heap before
{Heap before GC invocations=57 (full 0):
 garbage-first heap   total 245760K, used 205678K [0x0000000080000000, 0x0000000100000000)
  region size 1024K, 94 young (96256K), 3 survivors (3072K)
 Metaspace       used 102050K, capacity 104509K, committed 104816K, reserved 1140736K
  class space    used 12932K, capacity 13854K, committed 13976K, reserved 1048576K
}
Event: 27.969 GC heap after
{Heap after GC invocations=58 (full 0):
 garbage-first heap   total 245760K, used 113663K [0x0000000080000000, 0x0000000100000000)
  region size 1024K, 5 young (5120K), 5 survivors (5120K)
 Metaspace       used 102050K, capacity 104509K, committed 104816K, reserved 1140736K
  class space    used 12932K, capacity 13854K, committed 13976K, reserved 1048576K
}
Event: 28.192 GC heap before
{Heap before GC invocations=58 (full 0):
 garbage-first heap   total 245760K, used 205823K [0x0000000080000000, 0x0000000100000000)
  region size 1024K, 95 young (97280K), 5 survivors (5120K)
 Metaspace       used 102099K, capacity 104583K, committed 104816K, reserved 1140736K
  class space    used 12935K, capacity 13855K, committed 13976K, reserved 1048576K
}
Event: 28.203 GC heap after
{Heap after GC invocations=59 (full 0):
 garbage-first heap   total 294912K, used 115092K [0x0000000080000000, 0x0000000100000000)
  region size 1024K, 6 young (6144K), 6 survivors (6144K)
 Metaspace       used 102099K, capacity 104583K, committed 104816K, reserved 1140736K
  class space    used 12935K, capacity 13855K, committed 13976K, reserved 1048576K
}
Event: 28.470 GC heap before
{Heap before GC invocations=59 (full 0):
 garbage-first heap   total 294912K, used 223636K [0x0000000080000000, 0x0000000100000000)
  region size 1024K, 112 young (114688K), 6 survivors (6144K)
 Metaspace       used 102134K, capacity 104599K, committed 104816K, reserved 1140736K
  class space    used 12938K, capacity 13860K, committed 13976K, reserved 1048576K
}
Event: 28.481 GC heap after
{Heap after GC invocations=60 (full 0):
 garbage-first heap   total 294912K, used 116523K [0x0000000080000000, 0x0000000100000000)
  region size 1024K, 7 young (7168K), 7 survivors (7168K)
 Metaspace       used 102134K, capacity 104599K, committed 104816K, reserved 1140736K
  class space    used 12938K, capacity 13860K, committed 13976K, reserved 1048576K
}
Event: 28.867 GC heap before
{Heap before GC invocations=60 (full 0):
 garbage-first heap   total 294912K, used 246571K [0x0000000080000000, 0x0000000100000000)
  region size 1024K, 134 young (137216K), 7 survivors (7168K)
 Metaspace       used 102148K, capacity 104663K, committed 104816K, reserved 1140736K
  class space    used 12938K, capacity 13860K, committed 13976K, reserved 1048576K
}
Event: 28.880 GC heap after
{Heap after GC invocations=61 (full 0):
 garbage-first heap   total 294912K, used 117511K [0x0000000080000000, 0x0000000100000000)
  region size 1024K, 8 young (8192K), 8 survivors (8192K)
 Metaspace       used 102148K, capacity 104663K, committed 104816K, reserved 1140736K
  class space    used 12938K, capacity 13860K, committed 13976K, reserved 1048576K
}
Event: 29.214 GC heap before
{Heap before GC invocations=61 (full 0):
 garbage-first heap   total 294912K, used 249607K [0x0000000080000000, 0x0000000100000000)
  region size 1024K, 137 young (140288K), 8 survivors (8192K)
 Metaspace       used 102165K, capacity 104663K, committed 104816K, reserved 1140736K
  class space    used 12938K, capacity 13860K, committed 13976K, reserved 1048576K
}
Event: 29.228 GC heap after
{Heap after GC invocations=62 (full 0):
 garbage-first heap   total 294912K, used 119004K [0x0000000080000000, 0x0000000100000000)
  region size 1024K, 10 young (10240K), 10 survivors (10240K)
 Metaspace       used 102165K, capacity 104663K, committed 104816K, reserved 1140736K
  class space    used 12938K, capacity 13860K, committed 13976K, reserved 1048576K
}
Event: 29.530 GC heap before
{Heap before GC invocations=62 (full 0):
 garbage-first heap   total 294912K, used 251100K [0x0000000080000000, 0x0000000100000000)
  region size 1024K, 139 young (142336K), 10 survivors (10240K)
 Metaspace       used 102173K, capacity 104663K, committed 104816K, reserved 1140736K
  class space    used 12938K, capacity 13860K, committed 13976K, reserved 1048576K
}
Event: 29.548 GC heap after
{Heap after GC invocations=63 (full 0):
 garbage-first heap   total 386048K, used 120505K [0x0000000080000000, 0x0000000100000000)
  region size 1024K, 11 young (11264K), 11 survivors (11264K)
 Metaspace       used 102173K, capacity 104663K, committed 104816K, reserved 1140736K
  class space    used 12938K, capacity 13860K, committed 13976K, reserved 1048576K
}
Event: 30.024 GC heap before
{Heap before GC invocations=63 (full 0):
 garbage-first heap   total 386048K, used 285369K [0x0000000080000000, 0x0000000100000000)
  region size 1024K, 172 young (176128K), 11 survivors (11264K)
 Metaspace       used 102209K, capacity 104667K, committed 104816K, reserved 1140736K
  class space    used 12938K, capacity 13860K, committed 13976K, reserved 1048576K
}
Event: 30.044 GC heap after
{Heap after GC invocations=64 (full 0):
 garbage-first heap   total 386048K, used 122695K [0x0000000080000000, 0x0000000100000000)
  region size 1024K, 13 young (13312K), 13 survivors (13312K)
 Metaspace       used 102209K, capacity 104667K, committed 104816K, reserved 1140736K
  class space    used 12938K, capacity 13860K, committed 13976K, reserved 1048576K
}
Event: 30.416 GC heap before
{Heap before GC invocations=64 (full 0):
 garbage-first heap   total 386048K, used 310087K [0x0000000080000000, 0x0000000100000000)
  region size 1024K, 196 young (200704K), 13 survivors (13312K)
 Metaspace       used 102226K, capacity 104680K, committed 104816K, reserved 1140736K
  class space    used 12941K, capacity 13864K, committed 13976K, reserved 1048576K
}
Event: 30.438 GC heap after
{Heap after GC invocations=65 (full 0):
 garbage-first heap   total 386048K, used 125806K [0x0000000080000000, 0x0000000100000000)
  region size 1024K, 16 young (16384K), 16 survivors (16384K)
 Metaspace       used 102226K, capacity 104680K, committed 104816K, reserved 1140736K
  class space    used 12941K, capacity 13864K, committed 13976K, reserved 1048576K
}
Event: 31.212 GC heap before
{Heap before GC invocations=65 (full 0):
 garbage-first heap   total 386048K, used 327534K [0x0000000080000000, 0x0000000100000000)
  region size 1024K, 213 young (218112K), 16 survivors (16384K)
 Metaspace       used 102231K, capacity 104747K, committed 105072K, reserved 1140736K
  class space    used 12941K, capacity 13865K, committed 13976K, reserved 1048576K
}
Event: 31.237 GC heap after
{Heap after GC invocations=66 (full 0):
 garbage-first heap   total 386048K, used 126936K [0x0000000080000000, 0x0000000100000000)
  region size 1024K, 16 young (16384K), 16 survivors (16384K)
 Metaspace       used 102231K, capacity 104747K, committed 105072K, reserved 1140736K
  class space    used 12941K, capacity 13865K, committed 13976K, reserved 1048576K
}
Event: 31.733 GC heap before
{Heap before GC invocations=66 (full 0):
 garbage-first heap   total 386048K, used 329688K [0x0000000080000000, 0x0000000100000000)
  region size 1024K, 214 young (219136K), 16 survivors (16384K)
 Metaspace       used 102323K, capacity 104802K, committed 105072K, reserved 1140736K
  class space    used 12957K, capacity 13882K, committed 13976K, reserved 1048576K
}

