# JRE version: OpenJDK Runtime Environment (11.0.10) (build 11.0.10+0-b96-7249189)
# Java VM: OpenJDK 64-Bit Server VM (11.0.10+0-b96-7249189, mixed mode, tiered, compressed oops, g1 gc, windows-amd64)
Heap:
 garbage-first heap   total 221184K, used 108051K [0x0000000080000000, 0x0000000100000000)
  region size 1024K, 3 young (3072K), 3 survivors (3072K)
 Metaspace       used 106352K, capacity 109119K, committed 109184K, reserved 1144832K
  class space    used 13444K, capacity 14457K, committed 14464K, reserved 1048576K
GC Heap History (20 events):
Event: 132.121 GC heap after
{Heap after GC invocations=111 (full 0):
 garbage-first heap   total 184320K, used 108379K [0x0000000080000000, 0x0000000100000000)
  region size 1024K, 3 young (3072K), 3 survivors (3072K)
 Metaspace       used 105301K, capacity 107964K, committed 108416K, reserved 1142784K
  class space    used 13300K, capacity 14271K, committed 14464K, reserved 1048576K
}
Event: 132.732 GC heap before
{Heap before GC invocations=111 (full 0):
 garbage-first heap   total 184320K, used 114523K [0x0000000080000000, 0x0000000100000000)
  region size 1024K, 9 young (9216K), 3 survivors (3072K)
 Metaspace       used 105322K, capacity 107973K, committed 108416K, reserved 1142784K
  class space    used 13305K, capacity 14274K, committed 14464K, reserved 1048576K
}
Event: 132.750 GC heap after
{Heap after GC invocations=112 (full 0):
 garbage-first heap   total 184320K, used 107415K [0x0000000080000000, 0x0000000100000000)
  region size 1024K, 1 young (1024K), 1 survivors (1024K)
 Metaspace       used 105322K, capacity 107973K, committed 108416K, reserved 1142784K
  class space    used 13305K, capacity 14274K, committed 14464K, reserved 1048576K
}
Event: 133.111 GC heap before
{Heap before GC invocations=112 (full 0):
 garbage-first heap   total 184320K, used 155543K [0x0000000080000000, 0x0000000100000000)
  region size 1024K, 48 young (49152K), 1 survivors (1024K)
 Metaspace       used 105495K, capacity 108190K, committed 108416K, reserved 1142784K
  class space    used 13326K, capacity 14324K, committed 14464K, reserved 1048576K
}
Event: 133.117 GC heap after
{Heap after GC invocations=113 (full 0):
 garbage-first heap   total 184320K, used 108792K [0x0000000080000000, 0x0000000100000000)
  region size 1024K, 3 young (3072K), 3 survivors (3072K)
 Metaspace       used 105495K, capacity 108190K, committed 108416K, reserved 1142784K
  class space    used 13326K, capacity 14324K, committed 14464K, reserved 1048576K
}
Event: 133.547 GC heap before
{Heap before GC invocations=113 (full 0):
 garbage-first heap   total 184320K, used 155896K [0x0000000080000000, 0x0000000100000000)
  region size 1024K, 49 young (50176K), 3 survivors (3072K)
 Metaspace       used 105618K, capacity 108277K, committed 108416K, reserved 1142784K
  class space    used 13338K, capacity 14330K, committed 14464K, reserved 1048576K
}
Event: 133.552 GC heap after
{Heap after GC invocations=114 (full 0):
 garbage-first heap   total 184320K, used 108944K [0x0000000080000000, 0x0000000100000000)
  region size 1024K, 3 young (3072K), 3 survivors (3072K)
 Metaspace       used 105618K, capacity 108277K, committed 108416K, reserved 1142784K
  class space    used 13338K, capacity 14330K, committed 14464K, reserved 1048576K
}
Event: 133.777 GC heap before
{Heap before GC invocations=114 (full 0):
 garbage-first heap   total 184320K, used 157072K [0x0000000080000000, 0x0000000100000000)
  region size 1024K, 50 young (51200K), 3 survivors (3072K)
 Metaspace       used 105762K, capacity 108463K, committed 108672K, reserved 1142784K
  class space    used 13362K, capacity 14349K, committed 14464K, reserved 1048576K
}
Event: 133.786 GC heap after
{Heap after GC invocations=115 (full 0):
 garbage-first heap   total 184320K, used 109122K [0x0000000080000000, 0x0000000100000000)
  region size 1024K, 3 young (3072K), 3 survivors (3072K)
 Metaspace       used 105762K, capacity 108463K, committed 108672K, reserved 1142784K
  class space    used 13362K, capacity 14349K, committed 14464K, reserved 1048576K
}
Event: 134.417 GC heap before
{Heap before GC invocations=116 (full 0):
 garbage-first heap   total 184320K, used 156226K [0x0000000080000000, 0x0000000100000000)
  region size 1024K, 50 young (51200K), 3 survivors (3072K)
 Metaspace       used 105941K, capacity 108749K, committed 108928K, reserved 1144832K
  class space    used 13387K, capacity 14400K, committed 14464K, reserved 1048576K
}
Event: 134.423 GC heap after
{Heap after GC invocations=117 (full 0):
 garbage-first heap   total 184320K, used 108155K [0x0000000080000000, 0x0000000100000000)
  region size 1024K, 2 young (2048K), 2 survivors (2048K)
 Metaspace       used 105941K, capacity 108749K, committed 108928K, reserved 1144832K
  class space    used 13387K, capacity 14400K, committed 14464K, reserved 1048576K
}
Event: 134.457 GC heap before
{Heap before GC invocations=117 (full 0):
 garbage-first heap   total 184320K, used 115323K [0x0000000080000000, 0x0000000100000000)
  region size 1024K, 9 young (9216K), 2 survivors (2048K)
 Metaspace       used 105952K, capacity 108749K, committed 108928K, reserved 1144832K
  class space    used 13387K, capacity 14400K, committed 14464K, reserved 1048576K
}
Event: 134.467 GC heap after
{Heap after GC invocations=118 (full 0):
 garbage-first heap   total 184320K, used 106766K [0x0000000080000000, 0x0000000100000000)
  region size 1024K, 2 young (2048K), 2 survivors (2048K)
 Metaspace       used 105952K, capacity 108749K, committed 108928K, reserved 1144832K
  class space    used 13387K, capacity 14400K, committed 14464K, reserved 1048576K
}
Event: 134.749 GC heap before
{Heap before GC invocations=118 (full 0):
 garbage-first heap   total 184320K, used 156942K [0x0000000080000000, 0x0000000100000000)
  region size 1024K, 51 young (52224K), 2 survivors (2048K)
 Metaspace       used 106084K, capacity 108856K, committed 108928K, reserved 1144832K
  class space    used 13409K, capacity 14414K, committed 14464K, reserved 1048576K
}
Event: 134.754 GC heap after
{Heap after GC invocations=119 (full 0):
 garbage-first heap   total 184320K, used 107033K [0x0000000080000000, 0x0000000100000000)
  region size 1024K, 2 young (2048K), 2 survivors (2048K)
 Metaspace       used 106084K, capacity 108856K, committed 108928K, reserved 1144832K
  class space    used 13409K, capacity 14414K, committed 14464K, reserved 1048576K
}
Event: 135.123 GC heap before
{Heap before GC invocations=119 (full 0):
 garbage-first heap   total 184320K, used 158233K [0x0000000080000000, 0x0000000100000000)
  region size 1024K, 52 young (53248K), 2 survivors (2048K)
 Metaspace       used 106215K, capacity 108955K, committed 109184K, reserved 1144832K
  class space    used 13420K, capacity 14425K, committed 14464K, reserved 1048576K
}
Event: 135.128 GC heap after
{Heap after GC invocations=120 (full 0):
 garbage-first heap   total 184320K, used 107983K [0x0000000080000000, 0x0000000100000000)
  region size 1024K, 3 young (3072K), 3 survivors (3072K)
 Metaspace       used 106215K, capacity 108955K, committed 109184K, reserved 1144832K
  class space    used 13420K, capacity 14425K, committed 14464K, reserved 1048576K
}
Event: 135.509 GC heap before
{Heap before GC invocations=120 (full 0):
 garbage-first heap   total 184320K, used 158159K [0x0000000080000000, 0x0000000100000000)
  region size 1024K, 52 young (53248K), 3 survivors (3072K)
 Metaspace       used 106334K, capacity 109119K, committed 109184K, reserved 1144832K
  class space    used 13441K, capacity 14457K, committed 14464K, reserved 1048576K
}
Event: 135.517 GC heap after
{Heap after GC invocations=121 (full 0):
 garbage-first heap   total 184320K, used 108485K [0x0000000080000000, 0x0000000100000000)
  region size 1024K, 4 young (4096K), 4 survivors (4096K)
 Metaspace       used 106334K, capacity 109119K, committed 109184K, reserved 1144832K
  class space    used 13441K, capacity 14457K, committed 14464K, reserved 1048576K
}
Event: 136.029 GC heap before
{Heap before GC invocations=122 (full 0):
 garbage-first heap   total 184320K, used 158661K [0x0000000080000000, 0x0000000100000000)
  region size 1024K, 53 young (54272K), 4 survivors (4096K)
 Metaspace       used 106352K, capacity 109119K, committed 109184K, reserved 1144832K
  class space    used 13444K, capacity 14457K, committed 14464K, reserved 1048576K
}

