# JRE version: OpenJDK Runtime Environment (11.0.10) (build 11.0.10+0-b96-7249189)
# Java VM: OpenJDK 64-Bit Server VM (11.0.10+0-b96-7249189, mixed mode, tiered, compressed oops, g1 gc, windows-amd64)
Heap:
 garbage-first heap   total 442368K, used 131684K [0x0000000080000000, 0x0000000100000000)
  region size 1024K, 15 young (15360K), 15 survivors (15360K)
 Metaspace       used 99576K, capacity 102120K, committed 102424K, reserved 1138688K
  class space    used 12822K, capacity 13806K, committed 13900K, reserved 1048576K
GC Heap History (20 events):
Event: 30.546 GC heap after
{Heap after GC invocations=56 (full 0):
 garbage-first heap   total 239616K, used 115692K [0x0000000080000000, 0x0000000100000000)
  region size 1024K, 4 young (4096K), 4 survivors (4096K)
 Metaspace       used 98715K, capacity 101181K, committed 101528K, reserved 1136640K
  class space    used 12717K, capacity 13667K, committed 13772K, reserved 1048576K
}
Event: 30.877 GC heap before
{Heap before GC invocations=56 (full 0):
 garbage-first heap   total 239616K, used 202732K [0x0000000080000000, 0x0000000100000000)
  region size 1024K, 89 young (91136K), 4 survivors (4096K)
 Metaspace       used 98728K, capacity 101245K, committed 101528K, reserved 1136640K
  class space    used 12717K, capacity 13667K, committed 13772K, reserved 1048576K
}
Event: 30.886 GC heap after
{Heap after GC invocations=57 (full 0):
 garbage-first heap   total 239616K, used 116621K [0x0000000080000000, 0x0000000100000000)
  region size 1024K, 5 young (5120K), 5 survivors (5120K)
 Metaspace       used 98728K, capacity 101245K, committed 101528K, reserved 1136640K
  class space    used 12717K, capacity 13667K, committed 13772K, reserved 1048576K
}
Event: 31.289 GC heap before
{Heap before GC invocations=57 (full 0):
 garbage-first heap   total 239616K, used 203661K [0x0000000080000000, 0x0000000100000000)
  region size 1024K, 90 young (92160K), 5 survivors (5120K)
 Metaspace       used 98777K, capacity 101265K, committed 101528K, reserved 1136640K
  class space    used 12723K, capacity 13672K, committed 13772K, reserved 1048576K
}
Event: 31.304 GC heap after
{Heap after GC invocations=58 (full 0):
 garbage-first heap   total 287744K, used 117740K [0x0000000080000000, 0x0000000100000000)
  region size 1024K, 6 young (6144K), 6 survivors (6144K)
 Metaspace       used 98777K, capacity 101265K, committed 101528K, reserved 1136640K
  class space    used 12723K, capacity 13672K, committed 13772K, reserved 1048576K
}
Event: 31.745 GC heap before
{Heap before GC invocations=58 (full 0):
 garbage-first heap   total 287744K, used 218092K [0x0000000080000000, 0x0000000100000000)
  region size 1024K, 104 young (106496K), 6 survivors (6144K)
 Metaspace       used 98802K, capacity 101269K, committed 101528K, reserved 1136640K
  class space    used 12724K, capacity 13673K, committed 13772K, reserved 1048576K
}
Event: 31.756 GC heap after
{Heap after GC invocations=59 (full 0):
 garbage-first heap   total 287744K, used 119041K [0x0000000080000000, 0x0000000100000000)
  region size 1024K, 8 young (8192K), 8 survivors (8192K)
 Metaspace       used 98802K, capacity 101269K, committed 101528K, reserved 1136640K
  class space    used 12724K, capacity 13673K, committed 13772K, reserved 1048576K
}
Event: 32.253 GC heap before
{Heap before GC invocations=59 (full 0):
 garbage-first heap   total 287744K, used 227585K [0x0000000080000000, 0x0000000100000000)
  region size 1024K, 114 young (116736K), 8 survivors (8192K)
 Metaspace       used 98816K, capacity 101333K, committed 101528K, reserved 1136640K
  class space    used 12724K, capacity 13673K, committed 13772K, reserved 1048576K
}
Event: 32.266 GC heap after
{Heap after GC invocations=60 (full 0):
 garbage-first heap   total 287744K, used 120443K [0x0000000080000000, 0x0000000100000000)
  region size 1024K, 9 young (9216K), 9 survivors (9216K)
 Metaspace       used 98816K, capacity 101333K, committed 101528K, reserved 1136640K
  class space    used 12724K, capacity 13673K, committed 13772K, reserved 1048576K
}
Event: 32.705 GC heap before
{Heap before GC invocations=60 (full 0):
 garbage-first heap   total 287744K, used 246395K [0x0000000080000000, 0x0000000100000000)
  region size 1024K, 132 young (135168K), 9 survivors (9216K)
 Metaspace       used 98833K, capacity 101333K, committed 101528K, reserved 1136640K
  class space    used 12724K, capacity 13673K, committed 13772K, reserved 1048576K
}
Event: 32.719 GC heap after
{Heap after GC invocations=61 (full 0):
 garbage-first heap   total 287744K, used 121193K [0x0000000080000000, 0x0000000100000000)
  region size 1024K, 10 young (10240K), 10 survivors (10240K)
 Metaspace       used 98833K, capacity 101333K, committed 101528K, reserved 1136640K
  class space    used 12724K, capacity 13673K, committed 13772K, reserved 1048576K
}
Event: 33.219 GC heap before
{Heap before GC invocations=61 (full 0):
 garbage-first heap   total 287744K, used 247145K [0x0000000080000000, 0x0000000100000000)
  region size 1024K, 133 young (136192K), 10 survivors (10240K)
 Metaspace       used 98838K, capacity 101333K, committed 101528K, reserved 1136640K
  class space    used 12724K, capacity 13673K, committed 13772K, reserved 1048576K
}
Event: 33.238 GC heap after
{Heap after GC invocations=62 (full 0):
 garbage-first heap   total 346112K, used 123255K [0x0000000080000000, 0x0000000100000000)
  region size 1024K, 11 young (11264K), 11 survivors (11264K)
 Metaspace       used 98838K, capacity 101333K, committed 101528K, reserved 1136640K
  class space    used 12724K, capacity 13673K, committed 13772K, reserved 1048576K
}
Event: 33.850 GC heap before
{Heap before GC invocations=62 (full 0):
 garbage-first heap   total 346112K, used 289143K [0x0000000080000000, 0x0000000100000000)
  region size 1024K, 173 young (177152K), 11 survivors (11264K)
 Metaspace       used 98870K, capacity 101345K, committed 101528K, reserved 1136640K
  class space    used 12726K, capacity 13677K, committed 13772K, reserved 1048576K
}
Event: 33.872 GC heap after
{Heap after GC invocations=63 (full 0):
 garbage-first heap   total 346112K, used 125303K [0x0000000080000000, 0x0000000100000000)
  region size 1024K, 13 young (13312K), 13 survivors (13312K)
 Metaspace       used 98870K, capacity 101345K, committed 101528K, reserved 1136640K
  class space    used 12726K, capacity 13677K, committed 13772K, reserved 1048576K
}
Event: 34.430 GC heap before
{Heap before GC invocations=63 (full 0):
 garbage-first heap   total 346112K, used 295287K [0x0000000080000000, 0x0000000100000000)
  region size 1024K, 179 young (183296K), 13 survivors (13312K)
 Metaspace       used 98879K, capacity 101345K, committed 101528K, reserved 1136640K
  class space    used 12726K, capacity 13677K, committed 13772K, reserved 1048576K
}
Event: 34.451 GC heap after
{Heap after GC invocations=64 (full 0):
 garbage-first heap   total 346112K, used 127417K [0x0000000080000000, 0x0000000100000000)
  region size 1024K, 15 young (15360K), 15 survivors (15360K)
 Metaspace       used 98879K, capacity 101345K, committed 101528K, reserved 1136640K
  class space    used 12726K, capacity 13677K, committed 13772K, reserved 1048576K
}
Event: 35.008 GC heap before
{Heap before GC invocations=64 (full 0):
 garbage-first heap   total 346112K, used 295353K [0x0000000080000000, 0x0000000100000000)
  region size 1024K, 179 young (183296K), 15 survivors (15360K)
 Metaspace       used 98885K, capacity 101346K, committed 101528K, reserved 1136640K
  class space    used 12726K, capacity 13677K, committed 13772K, reserved 1048576K
}
Event: 35.031 GC heap after
{Heap after GC invocations=65 (full 0):
 garbage-first heap   total 346112K, used 128848K [0x0000000080000000, 0x0000000100000000)
  region size 1024K, 14 young (14336K), 14 survivors (14336K)
 Metaspace       used 98885K, capacity 101346K, committed 101528K, reserved 1136640K
  class space    used 12726K, capacity 13677K, committed 13772K, reserved 1048576K
}
Event: 35.687 GC heap before
{Heap before GC invocations=65 (full 0):
 garbage-first heap   total 346112K, used 296784K [0x0000000080000000, 0x0000000100000000)
  region size 1024K, 178 young (182272K), 14 survivors (14336K)
 Metaspace       used 99576K, capacity 102120K, committed 102424K, reserved 1138688K
  class space    used 12822K, capacity 13806K, committed 13900K, reserved 1048576K
}

