# JRE version: OpenJDK Runtime Environment (11.0.10) (build 11.0.10+0-b96-7249189)
# Java VM: OpenJDK 64-Bit Server VM (11.0.10+0-b96-7249189, mixed mode, tiered, compressed oops, g1 gc, windows-amd64)
Heap:
 garbage-first heap   total 578560K, used 132510K [0x0000000080000000, 0x0000000100000000)
  region size 1024K, 15 young (15360K), 15 survivors (15360K)
 Metaspace       used 103233K, capacity 105769K, committed 106496K, reserved 1140736K
  class space    used 13046K, capacity 13977K, committed 14336K, reserved 1048576K
GC Heap History (20 events):
Event: 31.263 GC heap after
{Heap after GC invocations=60 (full 0):
 garbage-first heap   total 239616K, used 116634K [0x0000000080000000, 0x0000000100000000)
  region size 1024K, 3 young (3072K), 3 survivors (3072K)
 Metaspace       used 102525K, capacity 105025K, committed 105856K, reserved 1140736K
  class space    used 12952K, capacity 13857K, committed 14208K, reserved 1048576K
}
Event: 31.452 GC heap before
{Heap before GC invocations=60 (full 0):
 garbage-first heap   total 239616K, used 204698K [0x0000000080000000, 0x0000000100000000)
  region size 1024K, 89 young (91136K), 3 survivors (3072K)
 Metaspace       used 102530K, capacity 105025K, committed 105856K, reserved 1140736K
  class space    used 12952K, capacity 13857K, committed 14208K, reserved 1048576K
}
Event: 31.458 GC heap after
{Heap after GC invocations=61 (full 0):
 garbage-first heap   total 239616K, used 117339K [0x0000000080000000, 0x0000000100000000)
  region size 1024K, 4 young (4096K), 4 survivors (4096K)
 Metaspace       used 102530K, capacity 105025K, committed 105856K, reserved 1140736K
  class space    used 12952K, capacity 13857K, committed 14208K, reserved 1048576K
}
Event: 31.657 GC heap before
{Heap before GC invocations=61 (full 0):
 garbage-first heap   total 239616K, used 205403K [0x0000000080000000, 0x0000000100000000)
  region size 1024K, 90 young (92160K), 4 survivors (4096K)
 Metaspace       used 102539K, capacity 105025K, committed 105856K, reserved 1140736K
  class space    used 12952K, capacity 13857K, committed 14208K, reserved 1048576K
}
Event: 31.667 GC heap after
{Heap after GC invocations=62 (full 0):
 garbage-first heap   total 287744K, used 118538K [0x0000000080000000, 0x0000000100000000)
  region size 1024K, 5 young (5120K), 5 survivors (5120K)
 Metaspace       used 102539K, capacity 105025K, committed 105856K, reserved 1140736K
  class space    used 12952K, capacity 13857K, committed 14208K, reserved 1048576K
}
Event: 31.938 GC heap before
{Heap before GC invocations=62 (full 0):
 garbage-first heap   total 287744K, used 232202K [0x0000000080000000, 0x0000000100000000)
  region size 1024K, 116 young (118784K), 5 survivors (5120K)
 Metaspace       used 102551K, capacity 105025K, committed 105856K, reserved 1140736K
  class space    used 12952K, capacity 13857K, committed 14208K, reserved 1048576K
}
Event: 31.947 GC heap after
{Heap after GC invocations=63 (full 0):
 garbage-first heap   total 287744K, used 119205K [0x0000000080000000, 0x0000000100000000)
  region size 1024K, 5 young (5120K), 5 survivors (5120K)
 Metaspace       used 102551K, capacity 105025K, committed 105856K, reserved 1140736K
  class space    used 12952K, capacity 13857K, committed 14208K, reserved 1048576K
}
Event: 32.235 GC heap before
{Heap before GC invocations=63 (full 0):
 garbage-first heap   total 287744K, used 245157K [0x0000000080000000, 0x0000000100000000)
  region size 1024K, 128 young (131072K), 5 survivors (5120K)
 Metaspace       used 102562K, capacity 105025K, committed 105856K, reserved 1140736K
  class space    used 12952K, capacity 13857K, committed 14208K, reserved 1048576K
}
Event: 32.246 GC heap after
{Heap after GC invocations=64 (full 0):
 garbage-first heap   total 287744K, used 121231K [0x0000000080000000, 0x0000000100000000)
  region size 1024K, 7 young (7168K), 7 survivors (7168K)
 Metaspace       used 102562K, capacity 105025K, committed 105856K, reserved 1140736K
  class space    used 12952K, capacity 13857K, committed 14208K, reserved 1048576K
}
Event: 32.739 GC heap before
{Heap before GC invocations=64 (full 0):
 garbage-first heap   total 287744K, used 247183K [0x0000000080000000, 0x0000000100000000)
  region size 1024K, 130 young (133120K), 7 survivors (7168K)
 Metaspace       used 102579K, capacity 105025K, committed 105856K, reserved 1140736K
  class space    used 12952K, capacity 13857K, committed 14208K, reserved 1048576K
}
Event: 32.752 GC heap after
{Heap after GC invocations=65 (full 0):
 garbage-first heap   total 287744K, used 122655K [0x0000000080000000, 0x0000000100000000)
  region size 1024K, 9 young (9216K), 9 survivors (9216K)
 Metaspace       used 102579K, capacity 105025K, committed 105856K, reserved 1140736K
  class space    used 12952K, capacity 13857K, committed 14208K, reserved 1048576K
}
Event: 33.043 GC heap before
{Heap before GC invocations=65 (full 0):
 garbage-first heap   total 287744K, used 247583K [0x0000000080000000, 0x0000000100000000)
  region size 1024K, 131 young (134144K), 9 survivors (9216K)
 Metaspace       used 102593K, capacity 105037K, committed 105856K, reserved 1140736K
  class space    used 12955K, capacity 13861K, committed 14208K, reserved 1048576K
}
Event: 33.060 GC heap after
{Heap after GC invocations=66 (full 0):
 garbage-first heap   total 359424K, used 124777K [0x0000000080000000, 0x0000000100000000)
  region size 1024K, 11 young (11264K), 11 survivors (11264K)
 Metaspace       used 102593K, capacity 105037K, committed 105856K, reserved 1140736K
  class space    used 12955K, capacity 13861K, committed 14208K, reserved 1048576K
}
Event: 33.473 GC heap before
{Heap before GC invocations=66 (full 0):
 garbage-first heap   total 359424K, used 275305K [0x0000000080000000, 0x0000000100000000)
  region size 1024K, 158 young (161792K), 11 survivors (11264K)
 Metaspace       used 102599K, capacity 105102K, committed 106112K, reserved 1140736K
  class space    used 12955K, capacity 13861K, committed 14208K, reserved 1048576K
}
Event: 33.497 GC heap after
{Heap after GC invocations=67 (full 0):
 garbage-first heap   total 359424K, used 125427K [0x0000000080000000, 0x0000000100000000)
  region size 1024K, 11 young (11264K), 11 survivors (11264K)
 Metaspace       used 102599K, capacity 105102K, committed 106112K, reserved 1140736K
  class space    used 12955K, capacity 13861K, committed 14208K, reserved 1048576K
}
Event: 33.994 GC heap before
{Heap before GC invocations=67 (full 0):
 garbage-first heap   total 359424K, used 309747K [0x0000000080000000, 0x0000000100000000)
  region size 1024K, 191 young (195584K), 11 survivors (11264K)
 Metaspace       used 102707K, capacity 105191K, committed 106112K, reserved 1140736K
  class space    used 12974K, capacity 13911K, committed 14208K, reserved 1048576K
}
Event: 34.013 GC heap after
{Heap after GC invocations=68 (full 0):
 garbage-first heap   total 359424K, used 128490K [0x0000000080000000, 0x0000000100000000)
  region size 1024K, 14 young (14336K), 14 survivors (14336K)
 Metaspace       used 102707K, capacity 105191K, committed 106112K, reserved 1140736K
  class space    used 12974K, capacity 13911K, committed 14208K, reserved 1048576K
}
Event: 34.466 GC heap before
{Heap before GC invocations=68 (full 0):
 garbage-first heap   total 359424K, used 307690K [0x0000000080000000, 0x0000000100000000)
  region size 1024K, 189 young (193536K), 14 survivors (14336K)
 Metaspace       used 102851K, capacity 105319K, committed 106112K, reserved 1140736K
  class space    used 12988K, capacity 13911K, committed 14208K, reserved 1048576K
}
Event: 34.499 GC heap after
{Heap after GC invocations=69 (full 0):
 garbage-first heap   total 359424K, used 129773K [0x0000000080000000, 0x0000000100000000)
  region size 1024K, 14 young (14336K), 14 survivors (14336K)
 Metaspace       used 102851K, capacity 105319K, committed 106112K, reserved 1140736K
  class space    used 12988K, capacity 13911K, committed 14208K, reserved 1048576K
}
Event: 35.003 GC heap before
{Heap before GC invocations=69 (full 0):
 garbage-first heap   total 359424K, used 307949K [0x0000000080000000, 0x0000000100000000)
  region size 1024K, 188 young (192512K), 14 survivors (14336K)
 Metaspace       used 103233K, capacity 105769K, committed 106496K, reserved 1140736K
  class space    used 13046K, capacity 13977K, committed 14336K, reserved 1048576K
}

