# JRE version: OpenJDK Runtime Environment (11.0.10) (build 11.0.10+0-b96-7249189)
# Java VM: OpenJDK 64-Bit Server VM (11.0.10+0-b96-7249189, mixed mode, tiered, compressed oops, g1 gc, windows-amd64)
Heap:
 garbage-first heap   total 65536K, used 43759K [0x0000000080000000, 0x0000000100000000)
  region size 1024K, 3 young (3072K), 2 survivors (2048K)
 Metaspace       used 57162K, capacity 58586K, committed 58880K, reserved 1099776K
  class space    used 7275K, capacity 7812K, committed 7936K, reserved 1048576K
GC Heap History (20 events):
Event: 24.908 GC heap before
{Heap before GC invocations=20 (full 0):
 garbage-first heap   total 65536K, used 49995K [0x0000000080000000, 0x0000000100000000)
  region size 1024K, 22 young (22528K), 2 survivors (2048K)
 Metaspace       used 46706K, capacity 47891K, committed 48000K, reserved 1091584K
  class space    used 5986K, capacity 6420K, committed 6528K, reserved 1048576K
}
Event: 24.913 GC heap after
{Heap after GC invocations=21 (full 0):
 garbage-first heap   total 65536K, used 30582K [0x0000000080000000, 0x0000000100000000)
  region size 1024K, 3 young (3072K), 3 survivors (3072K)
 Metaspace       used 46706K, capacity 47891K, committed 48000K, reserved 1091584K
  class space    used 5986K, capacity 6420K, committed 6528K, reserved 1048576K
}
Event: 26.307 GC heap before
{Heap before GC invocations=21 (full 0):
 garbage-first heap   total 65536K, used 39798K [0x0000000080000000, 0x0000000100000000)
  region size 1024K, 13 young (13312K), 3 survivors (3072K)
 Metaspace       used 46975K, capacity 48214K, committed 48512K, reserved 1091584K
  class space    used 6008K, capacity 6460K, committed 6528K, reserved 1048576K
}
Event: 26.324 GC heap after
{Heap after GC invocations=22 (full 0):
 garbage-first heap   total 65536K, used 33564K [0x0000000080000000, 0x0000000100000000)
  region size 1024K, 3 young (3072K), 3 survivors (3072K)
 Metaspace       used 46975K, capacity 48214K, committed 48512K, reserved 1091584K
  class space    used 6008K, capacity 6460K, committed 6528K, reserved 1048576K
}
Event: 28.925 GC heap before
{Heap before GC invocations=23 (full 0):
 garbage-first heap   total 65536K, used 37660K [0x0000000080000000, 0x0000000100000000)
  region size 1024K, 8 young (8192K), 3 survivors (3072K)
 Metaspace       used 46998K, capacity 48215K, committed 48512K, reserved 1091584K
  class space    used 6008K, capacity 6460K, committed 6528K, reserved 1048576K
}
Event: 28.930 GC heap after
{Heap after GC invocations=24 (full 0):
 garbage-first heap   total 65536K, used 37571K [0x0000000080000000, 0x0000000100000000)
  region size 1024K, 3 young (3072K), 3 survivors (3072K)
 Metaspace       used 46998K, capacity 48215K, committed 48512K, reserved 1091584K
  class space    used 6008K, capacity 6460K, committed 6528K, reserved 1048576K
}
Event: 29.714 GC heap before
{Heap before GC invocations=25 (full 0):
 garbage-first heap   total 65536K, used 49859K [0x0000000080000000, 0x0000000100000000)
  region size 1024K, 13 young (13312K), 3 survivors (3072K)
 Metaspace       used 47625K, capacity 48852K, committed 49152K, reserved 1091584K
  class space    used 6092K, capacity 6551K, committed 6656K, reserved 1048576K
}
Event: 29.718 GC heap after
{Heap after GC invocations=26 (full 0):
 garbage-first heap   total 65536K, used 41630K [0x0000000080000000, 0x0000000100000000)
  region size 1024K, 2 young (2048K), 2 survivors (2048K)
 Metaspace       used 47625K, capacity 48852K, committed 49152K, reserved 1091584K
  class space    used 6092K, capacity 6551K, committed 6656K, reserved 1048576K
}
Event: 30.525 GC heap before
{Heap before GC invocations=26 (full 0):
 garbage-first heap   total 65536K, used 50846K [0x0000000080000000, 0x0000000100000000)
  region size 1024K, 11 young (11264K), 2 survivors (2048K)
 Metaspace       used 48625K, capacity 49946K, committed 50304K, reserved 1093632K
  class space    used 6213K, capacity 6662K, committed 6784K, reserved 1048576K
}
Event: 30.531 GC heap after
{Heap after GC invocations=27 (full 0):
 garbage-first heap   total 65536K, used 41975K [0x0000000080000000, 0x0000000100000000)
  region size 1024K, 1 young (1024K), 1 survivors (1024K)
 Metaspace       used 48625K, capacity 49946K, committed 50304K, reserved 1093632K
  class space    used 6213K, capacity 6662K, committed 6784K, reserved 1048576K
}
Event: 30.973 GC heap before
{Heap before GC invocations=28 (full 0):
 garbage-first heap   total 65536K, used 50167K [0x0000000080000000, 0x0000000100000000)
  region size 1024K, 10 young (10240K), 1 survivors (1024K)
 Metaspace       used 49777K, capacity 51029K, committed 51200K, reserved 1093632K
  class space    used 6356K, capacity 6790K, committed 6912K, reserved 1048576K
}
Event: 30.975 GC heap after
{Heap after GC invocations=29 (full 0):
 garbage-first heap   total 65536K, used 42219K [0x0000000080000000, 0x0000000100000000)
  region size 1024K, 1 young (1024K), 1 survivors (1024K)
 Metaspace       used 49777K, capacity 51029K, committed 51200K, reserved 1093632K
  class space    used 6356K, capacity 6790K, committed 6912K, reserved 1048576K
}
Event: 31.561 GC heap before
{Heap before GC invocations=29 (full 0):
 garbage-first heap   total 65536K, used 51435K [0x0000000080000000, 0x0000000100000000)
  region size 1024K, 10 young (10240K), 1 survivors (1024K)
 Metaspace       used 51074K, capacity 52375K, committed 52608K, reserved 1095680K
  class space    used 6510K, capacity 6958K, committed 7040K, reserved 1048576K
}
Event: 31.566 GC heap after
{Heap after GC invocations=30 (full 0):
 garbage-first heap   total 65536K, used 42574K [0x0000000080000000, 0x0000000100000000)
  region size 1024K, 1 young (1024K), 1 survivors (1024K)
 Metaspace       used 51074K, capacity 52375K, committed 52608K, reserved 1095680K
  class space    used 6510K, capacity 6958K, committed 7040K, reserved 1048576K
}
Event: 31.883 GC heap before
{Heap before GC invocations=31 (full 0):
 garbage-first heap   total 65536K, used 51790K [0x0000000080000000, 0x0000000100000000)
  region size 1024K, 10 young (10240K), 1 survivors (1024K)
 Metaspace       used 52399K, capacity 53750K, committed 53888K, reserved 1095680K
  class space    used 6717K, capacity 7185K, committed 7296K, reserved 1048576K
}
Event: 31.886 GC heap after
{Heap after GC invocations=32 (full 0):
 garbage-first heap   total 65536K, used 42899K [0x0000000080000000, 0x0000000100000000)
  region size 1024K, 2 young (2048K), 2 survivors (2048K)
 Metaspace       used 52399K, capacity 53750K, committed 53888K, reserved 1095680K
  class space    used 6717K, capacity 7185K, committed 7296K, reserved 1048576K
}
Event: 32.452 GC heap before
{Heap before GC invocations=32 (full 0):
 garbage-first heap   total 65536K, used 52115K [0x0000000080000000, 0x0000000100000000)
  region size 1024K, 11 young (11264K), 2 survivors (2048K)
 Metaspace       used 53929K, capacity 55310K, committed 55552K, reserved 1097728K
  class space    used 6855K, capacity 7362K, committed 7424K, reserved 1048576K
}
Event: 32.456 GC heap after
{Heap after GC invocations=33 (full 0):
 garbage-first heap   total 65536K, used 43220K [0x0000000080000000, 0x0000000100000000)
  region size 1024K, 2 young (2048K), 2 survivors (2048K)
 Metaspace       used 53929K, capacity 55310K, committed 55552K, reserved 1097728K
  class space    used 6855K, capacity 7362K, committed 7424K, reserved 1048576K
}
Event: 33.075 GC heap before
{Heap before GC invocations=34 (full 0):
 garbage-first heap   total 65536K, used 52436K [0x0000000080000000, 0x0000000100000000)
  region size 1024K, 11 young (11264K), 2 survivors (2048K)
 Metaspace       used 55530K, capacity 56959K, committed 57216K, reserved 1099776K
  class space    used 7046K, capacity 7544K, committed 7552K, reserved 1048576K
}
Event: 33.079 GC heap after
{Heap after GC invocations=35 (full 0):
 garbage-first heap   total 65536K, used 43580K [0x0000000080000000, 0x0000000100000000)
  region size 1024K, 2 young (2048K), 2 survivors (2048K)
 Metaspace       used 55530K, capacity 56959K, committed 57216K, reserved 1099776K
  class space    used 7046K, capacity 7544K, committed 7552K, reserved 1048576K
}

