# JRE version: OpenJDK Runtime Environment (11.0.10) (build 11.0.10+0-b96-7249189)
# Java VM: OpenJDK 64-Bit Server VM (11.0.10+0-b96-7249189, mixed mode, tiered, compressed oops, g1 gc, windows-amd64)
Heap:
 garbage-first heap   total 879616K, used 125855K [0x0000000080000000, 0x0000000100000000)
  region size 1024K, 16 young (16384K), 16 survivors (16384K)
 Metaspace       used 104012K, capacity 106638K, committed 107008K, reserved 1142784K
  class space    used 13168K, capacity 14160K, committed 14336K, reserved 1048576K
GC Heap History (20 events):
Event: 49.214 GC heap after
{Heap after GC invocations=104 (full 0):
 garbage-first heap   total 243712K, used 115095K [0x0000000080000000, 0x0000000100000000)
  region size 1024K, 9 young (9216K), 9 survivors (9216K)
 Metaspace       used 103285K, capacity 105895K, committed 106240K, reserved 1140736K
  class space    used 13108K, capacity 14101K, committed 14336K, reserved 1048576K
}
Event: 49.413 GC heap before
{Heap before GC invocations=104 (full 0):
 garbage-first heap   total 243712K, used 200087K [0x0000000080000000, 0x0000000100000000)
  region size 1024K, 92 young (94208K), 9 survivors (9216K)
 Metaspace       used 103320K, capacity 105911K, committed 106240K, reserved 1140736K
  class space    used 13112K, capacity 14105K, committed 14336K, reserved 1048576K
}
Event: 49.426 GC heap after
{Heap after GC invocations=105 (full 0):
 garbage-first heap   total 243712K, used 115487K [0x0000000080000000, 0x0000000100000000)
  region size 1024K, 7 young (7168K), 7 survivors (7168K)
 Metaspace       used 103320K, capacity 105911K, committed 106240K, reserved 1140736K
  class space    used 13112K, capacity 14105K, committed 14336K, reserved 1048576K
}
Event: 49.651 GC heap before
{Heap before GC invocations=105 (full 0):
 garbage-first heap   total 243712K, used 204575K [0x0000000080000000, 0x0000000100000000)
  region size 1024K, 94 young (96256K), 7 survivors (7168K)
 Metaspace       used 103370K, capacity 105983K, committed 106496K, reserved 1140736K
  class space    used 13121K, capacity 14107K, committed 14336K, reserved 1048576K
}
Event: 49.666 GC heap after
{Heap after GC invocations=106 (full 0):
 garbage-first heap   total 303104K, used 116263K [0x0000000080000000, 0x0000000100000000)
  region size 1024K, 7 young (7168K), 7 survivors (7168K)
 Metaspace       used 103370K, capacity 105983K, committed 106496K, reserved 1140736K
  class space    used 13121K, capacity 14107K, committed 14336K, reserved 1048576K
}
Event: 50.430 GC heap before
{Heap before GC invocations=106 (full 0):
 garbage-first heap   total 303104K, used 238119K [0x0000000080000000, 0x0000000100000000)
  region size 1024K, 126 young (129024K), 7 survivors (7168K)
 Metaspace       used 103391K, capacity 105983K, committed 106496K, reserved 1140736K
  class space    used 13121K, capacity 14107K, committed 14336K, reserved 1048576K
}
Event: 50.445 GC heap after
{Heap after GC invocations=107 (full 0):
 garbage-first heap   total 303104K, used 117267K [0x0000000080000000, 0x0000000100000000)
  region size 1024K, 8 young (8192K), 8 survivors (8192K)
 Metaspace       used 103391K, capacity 105983K, committed 106496K, reserved 1140736K
  class space    used 13121K, capacity 14107K, committed 14336K, reserved 1048576K
}
Event: 51.106 GC heap before
{Heap before GC invocations=107 (full 0):
 garbage-first heap   total 303104K, used 255507K [0x0000000080000000, 0x0000000100000000)
  region size 1024K, 143 young (146432K), 8 survivors (8192K)
 Metaspace       used 103407K, capacity 105984K, committed 106496K, reserved 1140736K
  class space    used 13121K, capacity 14107K, committed 14336K, reserved 1048576K
}
Event: 51.118 GC heap after
{Heap after GC invocations=108 (full 0):
 garbage-first heap   total 303104K, used 118366K [0x0000000080000000, 0x0000000100000000)
  region size 1024K, 9 young (9216K), 9 survivors (9216K)
 Metaspace       used 103407K, capacity 105984K, committed 106496K, reserved 1140736K
  class space    used 13121K, capacity 14107K, committed 14336K, reserved 1048576K
}
Event: 51.491 GC heap before
{Heap before GC invocations=108 (full 0):
 garbage-first heap   total 303104K, used 259678K [0x0000000080000000, 0x0000000100000000)
  region size 1024K, 147 young (150528K), 9 survivors (9216K)
 Metaspace       used 103433K, capacity 106048K, committed 106496K, reserved 1140736K
  class space    used 13123K, capacity 14107K, committed 14336K, reserved 1048576K
}
Event: 51.505 GC heap after
{Heap after GC invocations=109 (full 0):
 garbage-first heap   total 303104K, used 119469K [0x0000000080000000, 0x0000000100000000)
  region size 1024K, 10 young (10240K), 10 survivors (10240K)
 Metaspace       used 103433K, capacity 106048K, committed 106496K, reserved 1140736K
  class space    used 13123K, capacity 14107K, committed 14336K, reserved 1048576K
}
Event: 51.826 GC heap before
{Heap before GC invocations=109 (full 0):
 garbage-first heap   total 303104K, used 261805K [0x0000000080000000, 0x0000000100000000)
  region size 1024K, 149 young (152576K), 10 survivors (10240K)
 Metaspace       used 103446K, capacity 106048K, committed 106496K, reserved 1140736K
  class space    used 13124K, capacity 14107K, committed 14336K, reserved 1048576K
}
Event: 52.103 GC heap after
{Heap after GC invocations=110 (full 0):
 garbage-first heap   total 401408K, used 120735K [0x0000000080000000, 0x0000000100000000)
  region size 1024K, 11 young (11264K), 11 survivors (11264K)
 Metaspace       used 103446K, capacity 106048K, committed 106496K, reserved 1140736K
  class space    used 13124K, capacity 14107K, committed 14336K, reserved 1048576K
}
Event: 52.692 GC heap before
{Heap before GC invocations=110 (full 0):
 garbage-first heap   total 401408K, used 307103K [0x0000000080000000, 0x0000000100000000)
  region size 1024K, 193 young (197632K), 11 survivors (11264K)
 Metaspace       used 103481K, capacity 106051K, committed 106496K, reserved 1140736K
  class space    used 13125K, capacity 14108K, committed 14336K, reserved 1048576K
}
Event: 52.710 GC heap after
{Heap after GC invocations=111 (full 0):
 garbage-first heap   total 401408K, used 122755K [0x0000000080000000, 0x0000000100000000)
  region size 1024K, 13 young (13312K), 13 survivors (13312K)
 Metaspace       used 103481K, capacity 106051K, committed 106496K, reserved 1140736K
  class space    used 13125K, capacity 14108K, committed 14336K, reserved 1048576K
}
Event: 53.923 GC heap before
{Heap before GC invocations=111 (full 0):
 garbage-first heap   total 401408K, used 341891K [0x0000000080000000, 0x0000000100000000)
  region size 1024K, 226 young (231424K), 13 survivors (13312K)
 Metaspace       used 103687K, capacity 106292K, committed 106752K, reserved 1142784K
  class space    used 13127K, capacity 14111K, committed 14336K, reserved 1048576K
}
Event: 53.940 GC heap after
{Heap after GC invocations=112 (full 0):
 garbage-first heap   total 401408K, used 120223K [0x0000000080000000, 0x0000000100000000)
  region size 1024K, 11 young (11264K), 11 survivors (11264K)
 Metaspace       used 103687K, capacity 106292K, committed 106752K, reserved 1142784K
  class space    used 13127K, capacity 14111K, committed 14336K, reserved 1048576K
}
Event: 54.663 GC heap before
{Heap before GC invocations=112 (full 0):
 garbage-first heap   total 401408K, used 347551K [0x0000000080000000, 0x0000000100000000)
  region size 1024K, 234 young (239616K), 11 survivors (11264K)
 Metaspace       used 103702K, capacity 106292K, committed 106752K, reserved 1142784K
  class space    used 13127K, capacity 14111K, committed 14336K, reserved 1048576K
}
Event: 54.684 GC heap after
{Heap after GC invocations=113 (full 0):
 garbage-first heap   total 401408K, used 123807K [0x0000000080000000, 0x0000000100000000)
  region size 1024K, 14 young (14336K), 14 survivors (14336K)
 Metaspace       used 103702K, capacity 106292K, committed 106752K, reserved 1142784K
  class space    used 13127K, capacity 14111K, committed 14336K, reserved 1048576K
}
Event: 55.258 GC heap before
{Heap before GC invocations=113 (full 0):
 garbage-first heap   total 401408K, used 346015K [0x0000000080000000, 0x0000000100000000)
  region size 1024K, 231 young (236544K), 14 survivors (14336K)
 Metaspace       used 104012K, capacity 106638K, committed 107008K, reserved 1142784K
  class space    used 13168K, capacity 14160K, committed 14336K, reserved 1048576K
}

