# JRE version: OpenJDK Runtime Environment (11.0.10) (build 11.0.10+0-b96-7249189)
# Java VM: OpenJDK 64-Bit Server VM (11.0.10+0-b96-7249189, mixed mode, tiered, compressed oops, g1 gc, windows-amd64)
Heap:
 garbage-first heap   total 431104K, used 138983K [0x0000000080000000, 0x0000000100000000)
  region size 1024K, 14 young (14336K), 14 survivors (14336K)
 Metaspace       used 104648K, capacity 107384K, committed 107648K, reserved 1142784K
  class space    used 13239K, capacity 14281K, committed 14336K, reserved 1048576K
GC Heap History (20 events):
Event: 43.548 GC heap after
{Heap after GC invocations=68 (full 0):
 garbage-first heap   total 301056K, used 121657K [0x0000000080000000, 0x0000000100000000)
  region size 1024K, 9 young (9216K), 9 survivors (9216K)
 Metaspace       used 103690K, capacity 106324K, committed 106624K, reserved 1142784K
  class space    used 13132K, capacity 14141K, committed 14336K, reserved 1048576K
}
Event: 44.127 GC heap before
{Heap before GC invocations=68 (full 0):
 garbage-first heap   total 301056K, used 256825K [0x0000000080000000, 0x0000000100000000)
  region size 1024K, 141 young (144384K), 9 survivors (9216K)
 Metaspace       used 103752K, capacity 106397K, committed 106880K, reserved 1142784K
  class space    used 13137K, capacity 14143K, committed 14336K, reserved 1048576K
}
Event: 44.142 GC heap after
{Heap after GC invocations=69 (full 0):
 garbage-first heap   total 301056K, used 121580K [0x0000000080000000, 0x0000000100000000)
  region size 1024K, 9 young (9216K), 9 survivors (9216K)
 Metaspace       used 103752K, capacity 106397K, committed 106880K, reserved 1142784K
  class space    used 13137K, capacity 14143K, committed 14336K, reserved 1048576K
}
Event: 44.976 GC heap before
{Heap before GC invocations=69 (full 0):
 garbage-first heap   total 301056K, used 257772K [0x0000000080000000, 0x0000000100000000)
  region size 1024K, 142 young (145408K), 9 survivors (9216K)
 Metaspace       used 103761K, capacity 106397K, committed 106880K, reserved 1142784K
  class space    used 13137K, capacity 14143K, committed 14336K, reserved 1048576K
}
Event: 44.995 GC heap after
{Heap after GC invocations=70 (full 0):
 garbage-first heap   total 301056K, used 122640K [0x0000000080000000, 0x0000000100000000)
  region size 1024K, 10 young (10240K), 10 survivors (10240K)
 Metaspace       used 103761K, capacity 106397K, committed 106880K, reserved 1142784K
  class space    used 13137K, capacity 14143K, committed 14336K, reserved 1048576K
}
Event: 45.492 GC heap before
{Heap before GC invocations=70 (full 0):
 garbage-first heap   total 301056K, used 258832K [0x0000000080000000, 0x0000000100000000)
  region size 1024K, 143 young (146432K), 10 survivors (10240K)
 Metaspace       used 103793K, capacity 106400K, committed 106880K, reserved 1142784K
  class space    used 13138K, capacity 14144K, committed 14336K, reserved 1048576K
}
Event: 45.510 GC heap after
{Heap after GC invocations=71 (full 0):
 garbage-first heap   total 301056K, used 124451K [0x0000000080000000, 0x0000000100000000)
  region size 1024K, 11 young (11264K), 11 survivors (11264K)
 Metaspace       used 103793K, capacity 106400K, committed 106880K, reserved 1142784K
  class space    used 13138K, capacity 14144K, committed 14336K, reserved 1048576K
}
Event: 46.027 GC heap before
{Heap before GC invocations=71 (full 0):
 garbage-first heap   total 301056K, used 258595K [0x0000000080000000, 0x0000000100000000)
  region size 1024K, 142 young (145408K), 11 survivors (11264K)
 Metaspace       used 103830K, capacity 106470K, committed 106880K, reserved 1142784K
  class space    used 13138K, capacity 14144K, committed 14336K, reserved 1048576K
}
Event: 46.049 GC heap after
{Heap after GC invocations=72 (full 0):
 garbage-first heap   total 301056K, used 125638K [0x0000000080000000, 0x0000000100000000)
  region size 1024K, 10 young (10240K), 10 survivors (10240K)
 Metaspace       used 103830K, capacity 106470K, committed 106880K, reserved 1142784K
  class space    used 13138K, capacity 14144K, committed 14336K, reserved 1048576K
}
Event: 46.516 GC heap before
{Heap before GC invocations=72 (full 0):
 garbage-first heap   total 301056K, used 259782K [0x0000000080000000, 0x0000000100000000)
  region size 1024K, 141 young (144384K), 10 survivors (10240K)
 Metaspace       used 103838K, capacity 106481K, committed 106880K, reserved 1142784K
  class space    used 13140K, capacity 14148K, committed 14336K, reserved 1048576K
}
Event: 46.537 GC heap after
{Heap after GC invocations=73 (full 0):
 garbage-first heap   total 361472K, used 127729K [0x0000000080000000, 0x0000000100000000)
  region size 1024K, 11 young (11264K), 11 survivors (11264K)
 Metaspace       used 103838K, capacity 106481K, committed 106880K, reserved 1142784K
  class space    used 13140K, capacity 14148K, committed 14336K, reserved 1048576K
}
Event: 47.163 GC heap before
{Heap before GC invocations=73 (full 0):
 garbage-first heap   total 361472K, used 288497K [0x0000000080000000, 0x0000000100000000)
  region size 1024K, 168 young (172032K), 11 survivors (11264K)
 Metaspace       used 103883K, capacity 106490K, committed 106880K, reserved 1142784K
  class space    used 13145K, capacity 14150K, committed 14336K, reserved 1048576K
}
Event: 47.179 GC heap after
{Heap after GC invocations=74 (full 0):
 garbage-first heap   total 361472K, used 128258K [0x0000000080000000, 0x0000000100000000)
  region size 1024K, 11 young (11264K), 11 survivors (11264K)
 Metaspace       used 103883K, capacity 106490K, committed 106880K, reserved 1142784K
  class space    used 13145K, capacity 14150K, committed 14336K, reserved 1048576K
}
Event: 48.263 GC heap before
{Heap before GC invocations=74 (full 0):
 garbage-first heap   total 361472K, used 306434K [0x0000000080000000, 0x0000000100000000)
  region size 1024K, 185 young (189440K), 11 survivors (11264K)
 Metaspace       used 104187K, capacity 106829K, committed 107136K, reserved 1142784K
  class space    used 13186K, capacity 14197K, committed 14336K, reserved 1048576K
}
Event: 48.283 GC heap after
{Heap after GC invocations=75 (full 0):
 garbage-first heap   total 361472K, used 130804K [0x0000000080000000, 0x0000000100000000)
  region size 1024K, 14 young (14336K), 14 survivors (14336K)
 Metaspace       used 104187K, capacity 106829K, committed 107136K, reserved 1142784K
  class space    used 13186K, capacity 14197K, committed 14336K, reserved 1048576K
}
Event: 48.935 GC heap before
{Heap before GC invocations=75 (full 0):
 garbage-first heap   total 361472K, used 308980K [0x0000000080000000, 0x0000000100000000)
  region size 1024K, 188 young (192512K), 14 survivors (14336K)
 Metaspace       used 104218K, capacity 106833K, committed 107136K, reserved 1142784K
  class space    used 13186K, capacity 14197K, committed 14336K, reserved 1048576K
}
Event: 48.961 GC heap after
{Heap after GC invocations=76 (full 0):
 garbage-first heap   total 361472K, used 135952K [0x0000000080000000, 0x0000000100000000)
  region size 1024K, 17 young (17408K), 17 survivors (17408K)
 Metaspace       used 104218K, capacity 106833K, committed 107136K, reserved 1142784K
  class space    used 13186K, capacity 14197K, committed 14336K, reserved 1048576K
}
Event: 49.594 GC heap before
{Heap before GC invocations=76 (full 0):
 garbage-first heap   total 361472K, used 306960K [0x0000000080000000, 0x0000000100000000)
  region size 1024K, 184 young (188416K), 17 survivors (17408K)
 Metaspace       used 104248K, capacity 106906K, committed 107136K, reserved 1142784K
  class space    used 13188K, capacity 14200K, committed 14336K, reserved 1048576K
}
Event: 49.618 GC heap after
{Heap after GC invocations=77 (full 0):
 garbage-first heap   total 361472K, used 136935K [0x0000000080000000, 0x0000000100000000)
  region size 1024K, 13 young (13312K), 13 survivors (13312K)
 Metaspace       used 104248K, capacity 106906K, committed 107136K, reserved 1142784K
  class space    used 13188K, capacity 14200K, committed 14336K, reserved 1048576K
}
Event: 50.442 GC heap before
{Heap before GC invocations=77 (full 0):
 garbage-first heap   total 361472K, used 311015K [0x0000000080000000, 0x0000000100000000)
  region size 1024K, 182 young (186368K), 13 survivors (13312K)
 Metaspace       used 104648K, capacity 107384K, committed 107648K, reserved 1142784K
  class space    used 13239K, capacity 14281K, committed 14336K, reserved 1048576K
}

