# JRE version: OpenJDK Runtime Environment (11.0.10) (build 11.0.10+0-b96-7249189)
# Java VM: OpenJDK 64-Bit Server VM (11.0.10+0-b96-7249189, mixed mode, tiered, compressed oops, g1 gc, windows-amd64)
Heap:
 garbage-first heap   total 346112K, used 120832K [0x0000000080000000, 0x0000000100000000)
  region size 1024K, 10 young (10240K), 10 survivors (10240K)
 Metaspace       used 103004K, capacity 105689K, committed 105932K, reserved 1140736K
  class space    used 13069K, capacity 14079K, committed 14080K, reserved 1048576K
GC Heap History (20 events):
Event: 67.460 GC heap after
{Heap after GC invocations=80 (full 0):
 garbage-first heap   total 199680K, used 111292K [0x0000000080000000, 0x0000000100000000)
  region size 1024K, 4 young (4096K), 4 survivors (4096K)
 Metaspace       used 102709K, capacity 105385K, committed 105420K, reserved 1140736K
  class space    used 13057K, capacity 14070K, committed 14080K, reserved 1048576K
}
Event: 67.729 GC heap before
{Heap before GC invocations=80 (full 0):
 garbage-first heap   total 199680K, used 162492K [0x0000000080000000, 0x0000000100000000)
  region size 1024K, 54 young (55296K), 4 survivors (4096K)
 Metaspace       used 102744K, capacity 105387K, committed 105420K, reserved 1140736K
  class space    used 13057K, capacity 14070K, committed 14080K, reserved 1048576K
}
Event: 67.740 GC heap after
{Heap after GC invocations=81 (full 0):
 garbage-first heap   total 199680K, used 111481K [0x0000000080000000, 0x0000000100000000)
  region size 1024K, 4 young (4096K), 4 survivors (4096K)
 Metaspace       used 102744K, capacity 105387K, committed 105420K, reserved 1140736K
  class space    used 13057K, capacity 14070K, committed 14080K, reserved 1048576K
}
Event: 68.117 GC heap before
{Heap before GC invocations=81 (full 0):
 garbage-first heap   total 199680K, used 164729K [0x0000000080000000, 0x0000000100000000)
  region size 1024K, 56 young (57344K), 4 survivors (4096K)
 Metaspace       used 102780K, capacity 105453K, committed 105676K, reserved 1140736K
  class space    used 13058K, capacity 14070K, committed 14080K, reserved 1048576K
}
Event: 68.129 GC heap after
{Heap after GC invocations=82 (full 0):
 garbage-first heap   total 239616K, used 112389K [0x0000000080000000, 0x0000000100000000)
  region size 1024K, 5 young (5120K), 5 survivors (5120K)
 Metaspace       used 102780K, capacity 105453K, committed 105676K, reserved 1140736K
  class space    used 13058K, capacity 14070K, committed 14080K, reserved 1048576K
}
Event: 68.454 GC heap before
{Heap before GC invocations=82 (full 0):
 garbage-first heap   total 239616K, used 177925K [0x0000000080000000, 0x0000000100000000)
  region size 1024K, 69 young (70656K), 5 survivors (5120K)
 Metaspace       used 102821K, capacity 105521K, committed 105676K, reserved 1140736K
  class space    used 13058K, capacity 14070K, committed 14080K, reserved 1048576K
}
Event: 68.467 GC heap after
{Heap after GC invocations=83 (full 0):
 garbage-first heap   total 239616K, used 113924K [0x0000000080000000, 0x0000000100000000)
  region size 1024K, 6 young (6144K), 6 survivors (6144K)
 Metaspace       used 102821K, capacity 105521K, committed 105676K, reserved 1140736K
  class space    used 13058K, capacity 14070K, committed 14080K, reserved 1048576K
}
Event: 68.794 GC heap before
{Heap before GC invocations=83 (full 0):
 garbage-first heap   total 239616K, used 192772K [0x0000000080000000, 0x0000000100000000)
  region size 1024K, 83 young (84992K), 6 survivors (6144K)
 Metaspace       used 102868K, capacity 105531K, committed 105676K, reserved 1140736K
  class space    used 13062K, capacity 14073K, committed 14080K, reserved 1048576K
}
Event: 68.808 GC heap after
{Heap after GC invocations=84 (full 0):
 garbage-first heap   total 239616K, used 113531K [0x0000000080000000, 0x0000000100000000)
  region size 1024K, 6 young (6144K), 6 survivors (6144K)
 Metaspace       used 102868K, capacity 105531K, committed 105676K, reserved 1140736K
  class space    used 13062K, capacity 14073K, committed 14080K, reserved 1048576K
}
Event: 69.290 GC heap before
{Heap before GC invocations=84 (full 0):
 garbage-first heap   total 239616K, used 203643K [0x0000000080000000, 0x0000000100000000)
  region size 1024K, 94 young (96256K), 6 survivors (6144K)
 Metaspace       used 102889K, capacity 105600K, committed 105676K, reserved 1140736K
  class space    used 13063K, capacity 14073K, committed 14080K, reserved 1048576K
}
Event: 69.301 GC heap after
{Heap after GC invocations=85 (full 0):
 garbage-first heap   total 239616K, used 115046K [0x0000000080000000, 0x0000000100000000)
  region size 1024K, 7 young (7168K), 7 survivors (7168K)
 Metaspace       used 102889K, capacity 105600K, committed 105676K, reserved 1140736K
  class space    used 13063K, capacity 14073K, committed 14080K, reserved 1048576K
}
Event: 69.665 GC heap before
{Heap before GC invocations=85 (full 0):
 garbage-first heap   total 239616K, used 204134K [0x0000000080000000, 0x0000000100000000)
  region size 1024K, 94 young (96256K), 7 survivors (7168K)
 Metaspace       used 102935K, capacity 105607K, committed 105676K, reserved 1140736K
  class space    used 13066K, capacity 14074K, committed 14080K, reserved 1048576K
}
Event: 69.680 GC heap after
{Heap after GC invocations=86 (full 0):
 garbage-first heap   total 287744K, used 115936K [0x0000000080000000, 0x0000000100000000)
  region size 1024K, 7 young (7168K), 7 survivors (7168K)
 Metaspace       used 102935K, capacity 105607K, committed 105676K, reserved 1140736K
  class space    used 13066K, capacity 14074K, committed 14080K, reserved 1048576K
}
Event: 70.198 GC heap before
{Heap before GC invocations=86 (full 0):
 garbage-first heap   total 287744K, used 230624K [0x0000000080000000, 0x0000000100000000)
  region size 1024K, 119 young (121856K), 7 survivors (7168K)
 Metaspace       used 102963K, capacity 105689K, committed 105932K, reserved 1140736K
  class space    used 13069K, capacity 14079K, committed 14080K, reserved 1048576K
}
Event: 70.213 GC heap after
{Heap after GC invocations=87 (full 0):
 garbage-first heap   total 287744K, used 116994K [0x0000000080000000, 0x0000000100000000)
  region size 1024K, 8 young (8192K), 8 survivors (8192K)
 Metaspace       used 102963K, capacity 105689K, committed 105932K, reserved 1140736K
  class space    used 13069K, capacity 14079K, committed 14080K, reserved 1048576K
}
Event: 70.685 GC heap before
{Heap before GC invocations=87 (full 0):
 garbage-first heap   total 287744K, used 237826K [0x0000000080000000, 0x0000000100000000)
  region size 1024K, 126 young (129024K), 8 survivors (8192K)
 Metaspace       used 102978K, capacity 105689K, committed 105932K, reserved 1140736K
  class space    used 13069K, capacity 14079K, committed 14080K, reserved 1048576K
}
Event: 70.699 GC heap after
{Heap after GC invocations=88 (full 0):
 garbage-first heap   total 287744K, used 118799K [0x0000000080000000, 0x0000000100000000)
  region size 1024K, 10 young (10240K), 10 survivors (10240K)
 Metaspace       used 102978K, capacity 105689K, committed 105932K, reserved 1140736K
  class space    used 13069K, capacity 14079K, committed 14080K, reserved 1048576K
}
Event: 71.154 GC heap before
{Heap before GC invocations=88 (full 0):
 garbage-first heap   total 287744K, used 241679K [0x0000000080000000, 0x0000000100000000)
  region size 1024K, 130 young (133120K), 10 survivors (10240K)
 Metaspace       used 102998K, capacity 105689K, committed 105932K, reserved 1140736K
  class space    used 13069K, capacity 14079K, committed 14080K, reserved 1048576K
}
Event: 71.170 GC heap after
{Heap after GC invocations=89 (full 0):
 garbage-first heap   total 287744K, used 120390K [0x0000000080000000, 0x0000000100000000)
  region size 1024K, 11 young (11264K), 11 survivors (11264K)
 Metaspace       used 102998K, capacity 105689K, committed 105932K, reserved 1140736K
  class space    used 13069K, capacity 14079K, committed 14080K, reserved 1048576K
}
Event: 71.674 GC heap before
{Heap before GC invocations=89 (full 0):
 garbage-first heap   total 287744K, used 245318K [0x0000000080000000, 0x0000000100000000)
  region size 1024K, 133 young (136192K), 11 survivors (11264K)
 Metaspace       used 103004K, capacity 105689K, committed 105932K, reserved 1140736K
  class space    used 13069K, capacity 14079K, committed 14080K, reserved 1048576K
}

