# JRE version: OpenJDK Runtime Environment (11.0.10) (build 11.0.10+0-b96-7249189)
# Java VM: OpenJDK 64-Bit Server VM (11.0.10+0-b96-7249189, mixed mode, tiered, compressed oops, g1 gc, windows-amd64)
Heap:
 garbage-first heap   total 95232K, used 53459K [0x0000000080000000, 0x0000000100000000)
  region size 1024K, 13 young (13312K), 2 survivors (2048K)
 Metaspace       used 54970K, capacity 56353K, committed 56448K, reserved 1097728K
  class space    used 6966K, capacity 7476K, committed 7552K, reserved 1048576K
GC Heap History (20 events):
Event: 3.742 GC heap before
{Heap before GC invocations=7 (full 0):
 garbage-first heap   total 78848K, used 47726K [0x0000000080000000, 0x0000000100000000)
  region size 1024K, 32 young (32768K), 2 survivors (2048K)
 Metaspace       used 23579K, capacity 24215K, committed 24320K, reserved 1071104K
  class space    used 3009K, capacity 3224K, committed 3328K, reserved 1048576K
}
Event: 3.750 GC heap after
{Heap after GC invocations=8 (full 0):
 garbage-first heap   total 78848K, used 17819K [0x0000000080000000, 0x0000000100000000)
  region size 1024K, 3 young (3072K), 3 survivors (3072K)
 Metaspace       used 23579K, capacity 24215K, committed 24320K, reserved 1071104K
  class space    used 3009K, capacity 3224K, committed 3328K, reserved 1048576K
}
Event: 4.816 GC heap before
{Heap before GC invocations=8 (full 0):
 garbage-first heap   total 78848K, used 49563K [0x0000000080000000, 0x0000000100000000)
  region size 1024K, 34 young (34816K), 3 survivors (3072K)
 Metaspace       used 26606K, capacity 27202K, committed 27392K, reserved 1073152K
  class space    used 3506K, capacity 3756K, committed 3840K, reserved 1048576K
}
Event: 4.822 GC heap after
{Heap after GC invocations=9 (full 0):
 garbage-first heap   total 78848K, used 19094K [0x0000000080000000, 0x0000000100000000)
  region size 1024K, 3 young (3072K), 3 survivors (3072K)
 Metaspace       used 26606K, capacity 27202K, committed 27392K, reserved 1073152K
  class space    used 3506K, capacity 3756K, committed 3840K, reserved 1048576K
}
Event: 6.052 GC heap before
{Heap before GC invocations=9 (full 0):
 garbage-first heap   total 78848K, used 50838K [0x0000000080000000, 0x0000000100000000)
  region size 1024K, 34 young (34816K), 3 survivors (3072K)
 Metaspace       used 30317K, capacity 31028K, committed 31232K, reserved 1077248K
  class space    used 4074K, capacity 4305K, committed 4352K, reserved 1048576K
}
Event: 6.059 GC heap after
{Heap after GC invocations=10 (full 0):
 garbage-first heap   total 78848K, used 20134K [0x0000000080000000, 0x0000000100000000)
  region size 1024K, 4 young (4096K), 4 survivors (4096K)
 Metaspace       used 30317K, capacity 31028K, committed 31232K, reserved 1077248K
  class space    used 4074K, capacity 4305K, committed 4352K, reserved 1048576K
}
Event: 7.237 GC heap before
{Heap before GC invocations=10 (full 0):
 garbage-first heap   total 78848K, used 33446K [0x0000000080000000, 0x0000000100000000)
  region size 1024K, 19 young (19456K), 4 survivors (4096K)
 Metaspace       used 34988K, capacity 35801K, committed 35840K, reserved 1081344K
  class space    used 4530K, capacity 4833K, committed 4864K, reserved 1048576K
}
Event: 7.248 GC heap after
{Heap after GC invocations=11 (full 0):
 garbage-first heap   total 95232K, used 22164K [0x0000000080000000, 0x0000000100000000)
  region size 1024K, 5 young (5120K), 5 survivors (5120K)
 Metaspace       used 34988K, capacity 35801K, committed 35840K, reserved 1081344K
  class space    used 4530K, capacity 4833K, committed 4864K, reserved 1048576K
}
Event: 8.827 GC heap before
{Heap before GC invocations=12 (full 0):
 garbage-first heap   total 95232K, used 56980K [0x0000000080000000, 0x0000000100000000)
  region size 1024K, 40 young (40960K), 5 survivors (5120K)
 Metaspace       used 37323K, capacity 38253K, committed 38528K, reserved 1083392K
  class space    used 4829K, capacity 5176K, committed 5248K, reserved 1048576K
}
Event: 8.836 GC heap after
{Heap after GC invocations=13 (full 0):
 garbage-first heap   total 95232K, used 25537K [0x0000000080000000, 0x0000000100000000)
  region size 1024K, 5 young (5120K), 5 survivors (5120K)
 Metaspace       used 37323K, capacity 38253K, committed 38528K, reserved 1083392K
  class space    used 4829K, capacity 5176K, committed 5248K, reserved 1048576K
}
Event: 9.895 GC heap before
{Heap before GC invocations=13 (full 0):
 garbage-first heap   total 95232K, used 65473K [0x0000000080000000, 0x0000000100000000)
  region size 1024K, 41 young (41984K), 5 survivors (5120K)
 Metaspace       used 40305K, capacity 41323K, committed 41472K, reserved 1085440K
  class space    used 5182K, capacity 5532K, committed 5632K, reserved 1048576K
}
Event: 9.904 GC heap after
{Heap after GC invocations=14 (full 0):
 garbage-first heap   total 95232K, used 27602K [0x0000000080000000, 0x0000000100000000)
  region size 1024K, 5 young (5120K), 5 survivors (5120K)
 Metaspace       used 40305K, capacity 41323K, committed 41472K, reserved 1085440K
  class space    used 5182K, capacity 5532K, committed 5632K, reserved 1048576K
}
Event: 10.941 GC heap before
{Heap before GC invocations=14 (full 0):
 garbage-first heap   total 95232K, used 64466K [0x0000000080000000, 0x0000000100000000)
  region size 1024K, 41 young (41984K), 5 survivors (5120K)
 Metaspace       used 43828K, capacity 44874K, committed 44928K, reserved 1087488K
  class space    used 5616K, capacity 5971K, committed 6016K, reserved 1048576K
}
Event: 10.949 GC heap after
{Heap after GC invocations=15 (full 0):
 garbage-first heap   total 95232K, used 29041K [0x0000000080000000, 0x0000000100000000)
  region size 1024K, 4 young (4096K), 4 survivors (4096K)
 Metaspace       used 43828K, capacity 44874K, committed 44928K, reserved 1087488K
  class space    used 5616K, capacity 5971K, committed 6016K, reserved 1048576K
}
Event: 12.376 GC heap before
{Heap before GC invocations=15 (full 0):
 garbage-first heap   total 95232K, used 66929K [0x0000000080000000, 0x0000000100000000)
  region size 1024K, 41 young (41984K), 4 survivors (4096K)
 Metaspace       used 46553K, capacity 47756K, committed 48000K, reserved 1091584K
  class space    used 5969K, capacity 6419K, committed 6528K, reserved 1048576K
}
Event: 12.383 GC heap after
{Heap after GC invocations=16 (full 0):
 garbage-first heap   total 95232K, used 30720K [0x0000000080000000, 0x0000000100000000)
  region size 1024K, 3 young (3072K), 3 survivors (3072K)
 Metaspace       used 46553K, capacity 47756K, committed 48000K, reserved 1091584K
  class space    used 5969K, capacity 6419K, committed 6528K, reserved 1048576K
}
Event: 19.011 GC heap before
{Heap before GC invocations=16 (full 0):
 garbage-first heap   total 95232K, used 72704K [0x0000000080000000, 0x0000000100000000)
  region size 1024K, 41 young (41984K), 3 survivors (3072K)
 Metaspace       used 48737K, capacity 50142K, committed 50304K, reserved 1093632K
  class space    used 6212K, capacity 6663K, committed 6784K, reserved 1048576K
}
Event: 19.020 GC heap after
{Heap after GC invocations=17 (full 0):
 garbage-first heap   total 95232K, used 41731K [0x0000000080000000, 0x0000000100000000)
  region size 1024K, 6 young (6144K), 6 survivors (6144K)
 Metaspace       used 48737K, capacity 50142K, committed 50304K, reserved 1093632K
  class space    used 6212K, capacity 6663K, committed 6784K, reserved 1048576K
}
Event: 20.567 GC heap before
{Heap before GC invocations=17 (full 0):
 garbage-first heap   total 95232K, used 72451K [0x0000000080000000, 0x0000000100000000)
  region size 1024K, 36 young (36864K), 6 survivors (6144K)
 Metaspace       used 52987K, capacity 54330K, committed 54400K, reserved 1095680K
  class space    used 6766K, capacity 7270K, committed 7296K, reserved 1048576K
}
Event: 20.577 GC heap after
{Heap after GC invocations=18 (full 0):
 garbage-first heap   total 95232K, used 43219K [0x0000000080000000, 0x0000000100000000)
  region size 1024K, 2 young (2048K), 2 survivors (2048K)
 Metaspace       used 52987K, capacity 54330K, committed 54400K, reserved 1095680K
  class space    used 6766K, capacity 7270K, committed 7296K, reserved 1048576K
}

